<?xml version="1.0" encoding="UTF-8"?>
<testng-results ignored="0" total="1" passed="1" failed="0" skipped="0">
  <reporter-output>
  </reporter-output>
  <suite started-at="2022-09-09T10:43:27 IST" name="Default suite" finished-at="2022-09-09T10:46:59 IST" duration-ms="212117">
    <groups>
      <group name="cucumber">
        <method signature="AbstractTestNGCucumberTests.runScenario(io.cucumber.testng.PickleWrapper,io.cucumber.testng.FeatureWrapper)[pri:0, instance:testrunner.MyTestRunner_Class@7f485fda]" name="runScenario" class="io.cucumber.testng.AbstractTestNGCucumberTests"/>
      </group> <!-- cucumber -->
    </groups>
    <test started-at="2022-09-09T10:43:27 IST" name="Default test" finished-at="2022-09-09T10:46:59 IST" duration-ms="212117">
      <class name="testrunner.MyTestRunner_Class">
        <test-method is-config="true" signature="setUpClass(org.testng.ITestContext)[pri:0, instance:testrunner.MyTestRunner_Class@7f485fda]" started-at="2022-09-09T10:43:27 IST" name="setUpClass" finished-at="2022-09-09T10:43:28 IST" duration-ms="725" status="PASS">
          <params>
            <param index="0">
              <value>
                <![CDATA[org.testng.TestRunner@17f856a3]]>
              </value>
            </param>
          </params>
          <reporter-output>
          </reporter-output>
        </test-method> <!-- setUpClass -->
        <test-method signature="runScenario(io.cucumber.testng.PickleWrapper,io.cucumber.testng.FeatureWrapper)[pri:0, instance:testrunner.MyTestRunner_Class@7f485fda]" started-at="2022-09-09T10:43:28 IST" name="runScenario" description="Runs Cucumber Scenarios" data-provider="scenarios" finished-at="2022-09-09T10:46:28 IST" duration-ms="179929" status="PASS">
          <params>
            <param index="0">
              <value>
                <![CDATA["Renew with Reinstate"]]>
              </value>
            </param>
            <param index="1">
              <value>
                <![CDATA["Renewal after Reinstatement"]]>
              </value>
            </param>
          </params>
          <reporter-output>
          </reporter-output>
        </test-method> <!-- runScenario -->
        <test-method is-config="true" signature="tearDownClass()[pri:0, instance:testrunner.MyTestRunner_Class@7f485fda]" started-at="2022-09-09T10:46:28 IST" name="tearDownClass" finished-at="2022-09-09T10:46:59 IST" duration-ms="31434" status="PASS">
          <reporter-output>
          </reporter-output>
        </test-method> <!-- tearDownClass -->
      </class> <!-- testrunner.MyTestRunner_Class -->
    </test> <!-- Default test -->
  </suite> <!-- Default suite -->
</testng-results>
